\BOOKMARK [1][-]{section.1}{Personal Profile}{}% 1
\BOOKMARK [1][-]{section.2}{Technical Skills}{}% 2
\BOOKMARK [2][-]{subsection.2.1}{Languages}{section.2}% 3
\BOOKMARK [2][-]{subsection.2.2}{Frameworks/Libraries}{section.2}% 4
\BOOKMARK [2][-]{subsection.2.3}{Tools}{section.2}% 5
\BOOKMARK [1][-]{section.3}{Experience}{}% 6
\BOOKMARK [2][-]{subsection.3.1}{Bitdefender}{section.3}% 7
\BOOKMARK [2][-]{subsection.3.2}{Job Title:}{section.3}% 8
\BOOKMARK [2][-]{subsection.3.3}{Department:}{section.3}% 9
\BOOKMARK [3][-]{subsubsection.3.3.1}{Project Overview:}{subsection.3.3}% 10
\BOOKMARK [3][-]{subsubsection.3.3.2}{Technologies used: Node.js, Express.js, JQuery, Bootstrap, AJAX, JSON}{subsection.3.3}% 11
\BOOKMARK [3][-]{subsubsection.3.3.3}{Responsibilities:}{subsection.3.3}% 12
\BOOKMARK [1][-]{section.4}{Projects}{}% 13
\BOOKMARK [2][-]{subsection.4.1}{RedditFeud}{section.4}% 14
\BOOKMARK [3][-]{subsubsection.4.1.1}{Motivation:}{subsection.4.1}% 15
\BOOKMARK [3][-]{subsubsection.4.1.2}{Summary:}{subsection.4.1}% 16
\BOOKMARK [3][-]{subsubsection.4.1.3}{Skills Acquired:}{subsection.4.1}% 17
\BOOKMARK [2][-]{subsection.4.2}{Unpopular Opinions}{section.4}% 18
\BOOKMARK [3][-]{subsubsection.4.2.1}{Motivation:}{subsection.4.2}% 19
\BOOKMARK [3][-]{subsubsection.4.2.2}{Summary:}{subsection.4.2}% 20
\BOOKMARK [3][-]{subsubsection.4.2.3}{Skills Acquired:}{subsection.4.2}% 21
\BOOKMARK [1][-]{section.5}{Education}{}% 22
\BOOKMARK [2][-]{subsection.5.1}{Currently getting a bachelor's degree at the Faculty of Computer Science Iasi\(first year student\)}{section.5}% 23
\BOOKMARK [3][-]{subsubsection.5.1.1}{Favourite Courses:}{subsection.5.1}% 24
\BOOKMARK [2][-]{subsection.5.2}{Winning project in FIIPractic full-stack .Net courses}{section.5}% 25
